<?xml version="1.0" encoding="UTF-8"?>
<!-- Generated by org.testng.reporters.JUnitReportReporter -->
<testsuite skipped="0" hostname="marjanas-Air" name="homepageTest.TestURL" tests="1" failures="0" timestamp="2022-09-27T13:18:30 EDT" time="23.631" errors="0">
  <testcase name="clickLogo" time="23.631" classname="homepageTest.TestURL"/>
  <system-out/>
</testsuite> <!-- homepageTest.TestURL -->
